<?xml version="1.0" encoding="UTF-8"?>
<testsuite xmlns:xsi="http://www.w3.org/2001/XMLSchema-instance" xsi:noNamespaceSchemaLocation="https://maven.apache.org/surefire/maven-surefire-plugin/xsd/surefire-test-report-3.0.xsd" version="3.0" name="ucu.edu.implementaciones.ListaCircularSimpleTest" time="0.024" tests="17" errors="0" skipped="0" failures="0">
  <properties>
[...]
</properties>
  <testcase name="buscarRetornaLaPrimeraCoincidenciaOnullYExigeCriterioNoNulo" classname="ucu.edu.implementaciones.ListaCircularSimpleTest" time="0.003"/>
  <testcase name="agregarEnIndiceCeroInsertaAlPrincipioSinRomperCircularidad" classname="ucu.edu.implementaciones.ListaCircularSimpleTest" time="0.0"/>
  <testcase name="listaVaciaLanzaExcepcionesEnOperacionesDeAcceso" classname="ucu.edu.implementaciones.ListaCircularSimpleTest" time="0.003"/>
  <testcase name="removerPorIndiceCeroActualizaElPrimero" classname="ucu.edu.implementaciones.ListaCircularSimpleTest" time="0.005"/>
  <testcase name="removerPorElementoEliminaSoloLaPrimeraOcurrencia" classname="ucu.edu.implementaciones.ListaCircularSimpleTest" time="0.0"/>
  <testcase name="removerPorElementoQueEsElUltimoActualizaLaReferencia" classname="ucu.edu.implementaciones.ListaCircularSimpleTest" time="0.001"/>
  <testcase name="removerElUnicoElementoDejaLaListaVaciaYReutilizable" classname="ucu.edu.implementaciones.ListaCircularSimpleTest" time="0.0"/>
  <testcase name="contieneEIndiceDeSoportanValoresNulos" classname="ucu.edu.implementaciones.ListaCircularSimpleTest" time="0.0"/>
  <testcase name="agregarEnIndiceIntermedioDesplazaLosElementosPosteriores" classname="ucu.edu.implementaciones.ListaCircularSimpleTest" time="0.0"/>
  <testcase name="ordenarDevuelveUnaNuevaListaOrdenadaSinModificarLaOriginalYExigeComparadorNoNulo" classname="ucu.edu.implementaciones.ListaCircularSimpleTest" time="0.001"/>
  <testcase name="agregarEnIndiceInvalidoLanzaExcepcion" classname="ucu.edu.implementaciones.ListaCircularSimpleTest" time="0.001"/>
  <testcase name="listaNuevaEstaVacia" classname="ucu.edu.implementaciones.ListaCircularSimpleTest" time="0.0"/>
  <testcase name="unUnicoElementoQuedaCircularConsigoMismo" classname="ucu.edu.implementaciones.ListaCircularSimpleTest" time="0.0"/>
  <testcase name="obtenerEnIndiceInvalidoLanzaExcepcion" classname="ucu.edu.implementaciones.ListaCircularSimpleTest" time="0.001"/>
  <testcase name="vaciarEliminaTodosLosElementosYPermiteReutilizarLaLista" classname="ucu.edu.implementaciones.ListaCircularSimpleTest" time="0.0"/>
  <testcase name="agregarAlFinalConservaElOrden" classname="ucu.edu.implementaciones.ListaCircularSimpleTest" time="0.0"/>
  <testcase name="removerPorIndiceDevuelveElementoYMantieneElOrdenCircular" classname="ucu.edu.implementaciones.ListaCircularSimpleTest" time="0.0"/>
</testsuite>