<?xml version="1.0" encoding="UTF-8"?>
<testsuite xmlns:xsi="http://www.w3.org/2001/XMLSchema-instance" xsi:noNamespaceSchemaLocation="https://maven.apache.org/surefire/maven-surefire-plugin/xsd/surefire-test-report-3.0.xsd" version="3.0" name="ucu.edu.implementaciones.ColaPrioridadTest" time="0.045" tests="18" errors="0" skipped="0" failures="0">
  <properties>
[...]
</properties>
  <testcase name="colaNuevaEstaVacia" classname="ucu.edu.implementaciones.ColaPrioridadTest" time="0.001"/>
  <testcase name="contieneIndiceDeYRemoverFuncionanSobreLaCola" classname="ucu.edu.implementaciones.ColaPrioridadTest" time="0.002"/>
  <testcase name="frenteDevuelveElDeMayorPrioridadSinRemoverlo" classname="ucu.edu.implementaciones.ColaPrioridadTest" time="0.0"/>
  <testcase name="muchasInsercionesSalenSiempreOrdenadas" classname="ucu.edu.implementaciones.ColaPrioridadTest" time="0.005"/>
  <testcase name="colaVaciaLanzaExcepcionAlConsultarOQuitarElFrente" classname="ucu.edu.implementaciones.ColaPrioridadTest" time="0.002"/>
  <testcase name="constructorRechazaComparadorNulo" classname="ucu.edu.implementaciones.ColaPrioridadTest" time="0.003"/>
  <testcase name="saleElMenorSegunElComparadorSinImportarElOrdenDeLlegada" classname="ucu.edu.implementaciones.ColaPrioridadTest" time="0.001"/>
  <testcase name="unUnicoElementoEntraYSale" classname="ucu.edu.implementaciones.ColaPrioridadTest" time="0.001"/>
  <testcase name="ordenarDevuelveUnaNuevaListaSinModificarLaCola" classname="ucu.edu.implementaciones.ColaPrioridadTest" time="0.001"/>
  <testcase name="agregarEsEquivalenteAPoneEnCola" classname="ucu.edu.implementaciones.ColaPrioridadTest" time="0.001"/>
  <testcase name="conComparadorInvertidoSaleElMayor" classname="ucu.edu.implementaciones.ColaPrioridadTest" time="0.002"/>
  <testcase name="poneEnColaSiempreAceptaElElemento" classname="ucu.edu.implementaciones.ColaPrioridadTest" time="0.001"/>
  <testcase name="vaciarEliminaTodosLosElementosYPermiteReutilizarLaCola" classname="ucu.edu.implementaciones.ColaPrioridadTest" time="0.002"/>
  <testcase name="insertarElDeMayorPrioridadAlFinalIgualLoDejaAdelante" classname="ucu.edu.implementaciones.ColaPrioridadTest" time="0.001"/>
  <testcase name="agregarEnUnaPosicionElegidaNoEstaSoportado" classname="ucu.edu.implementaciones.ColaPrioridadTest" time="0.002"/>
  <testcase name="esIntercambiableConLaColaComunPorCompartirElTda" classname="ucu.edu.implementaciones.ColaPrioridadTest" time="0.003"/>
  <testcase name="entreElementosDeIgualPrioridadSeRespetaElOrdenDeLlegada" classname="ucu.edu.implementaciones.ColaPrioridadTest" time="0.001"/>
  <testcase name="losElementosQuedanOrdenadosPorPrioridadAlInsertar" classname="ucu.edu.implementaciones.ColaPrioridadTest" time="0.001"/>
</testsuite>