<?xml version="1.0" encoding="UTF-8"?>
<testsuite xmlns:xsi="http://www.w3.org/2001/XMLSchema-instance" xsi:noNamespaceSchemaLocation="https://maven.apache.org/surefire/maven-surefire-plugin/xsd/surefire-test-report-3.0.xsd" version="3.0" name="ucu.edu.uy.MenuConsolaTest$ProductosEInventario" time="0.097" tests="40" errors="0" skipped="0" failures="0">
  <properties>
[...]
</properties>
  <testcase name="opcion13NoTocaElInventarioReal" classname="ucu.edu.uy.MenuConsolaTest$ProductosEInventario" time="0.008"/>
  <testcase name="opcion13RechazaCantidadCero" classname="ucu.edu.uy.MenuConsolaTest$ProductosEInventario" time="0.002"/>
  <testcase name="opcion2NoGuardaMercaderiaEnUnSectorQueNoEsUnaPosicion" classname="ucu.edu.uy.MenuConsolaTest$ProductosEInventario" time="0.001"/>
  <testcase name="opcion1RechazaUnCodigoQueYaExiste" classname="ucu.edu.uy.MenuConsolaTest$ProductosEInventario" time="0.002"/>
  <testcase name="opcion13ComparaLaBusquedaContraLaDelHito1" classname="ucu.edu.uy.MenuConsolaTest$ProductosEInventario" time="0.003"/>
  <testcase name="opcion10ListaSoloLosProductosConStockBajo" classname="ucu.edu.uy.MenuConsolaTest$ProductosEInventario" time="0.001"/>
  <testcase name="opcion5DisminuyeElStockDeUnaPosicion" classname="ucu.edu.uy.MenuConsolaTest$ProductosEInventario" time="0.002"/>
  <testcase name="opcion0VuelveAlMenuPrincipal" classname="ucu.edu.uy.MenuConsolaTest$ProductosEInventario" time="0.001"/>
  <testcase name="opcion6AvisaCuandoNoHayStockEnLaPosicionDeOrigen" classname="ucu.edu.uy.MenuConsolaTest$ProductosEInventario" time="0.002"/>
  <testcase name="opcion2NoDejaPasarseDeLaCapacidadDeLaPosicion" classname="ucu.edu.uy.MenuConsolaTest$ProductosEInventario" time="0.003"/>
  <testcase name="opcion2RechazaUnCodigoQueYaExiste" classname="ucu.edu.uy.MenuConsolaTest$ProductosEInventario" time="0.001"/>
  <testcase name="opcion9ListaElInventarioOrdenadoPorCodigo" classname="ucu.edu.uy.MenuConsolaTest$ProductosEInventario" time="0.001"/>
  <testcase name="opcion7MuestraElProductoBuscado" classname="ucu.edu.uy.MenuConsolaTest$ProductosEInventario" time="0.001"/>
  <testcase name="opcion13RechazaUnaCantidadQueNoEsNumero" classname="ucu.edu.uy.MenuConsolaTest$ProductosEInventario" time="0.001"/>
  <testcase name="opcion8MuestraElStockTotalDelProducto" classname="ucu.edu.uy.MenuConsolaTest$ProductosEInventario" time="0.001"/>
  <testcase name="opcion2RechazaUnaCantidadQueNoEsNumero" classname="ucu.edu.uy.MenuConsolaTest$ProductosEInventario" time="0.001"/>
  <testcase name="opcion3AumentaElStockSinUbicar" classname="ucu.edu.uy.MenuConsolaTest$ProductosEInventario" time="0.001"/>
  <testcase name="opcion6ReubicaMercaderiaEntrePosiciones" classname="ucu.edu.uy.MenuConsolaTest$ProductosEInventario" time="0.002"/>
  <testcase name="opcion2AvisaCuandoLaPosicionNoExiste" classname="ucu.edu.uy.MenuConsolaTest$ProductosEInventario" time="0.002"/>
  <testcase name="opcion11ListaLosProductosSinStock" classname="ucu.edu.uy.MenuConsolaTest$ProductosEInventario" time="0.001"/>
  <testcase name="opcion1RegistraUnProductoNuevo" classname="ucu.edu.uy.MenuConsolaTest$ProductosEInventario" time="0.001"/>
  <testcase name="opcion12MuestraLaCantidadTotalYSeActualizaConElStock" classname="ucu.edu.uy.MenuConsolaTest$ProductosEInventario" time="0.001"/>
  <testcase name="opcion11AvisaCuandoTodosLosProductosTienenStock" classname="ucu.edu.uy.MenuConsolaTest$ProductosEInventario" time="0.001"/>
  <testcase name="opcion2RegistraElProductoYLoUbicaEnUnaPosicion" classname="ucu.edu.uy.MenuConsolaTest$ProductosEInventario" time="0.002"/>
  <testcase name="opcion5AvisaCuandoNoHayStockSuficienteEnEsaPosicion" classname="ucu.edu.uy.MenuConsolaTest$ProductosEInventario" time="0.009"/>
  <testcase name="opcion3RechazaCantidadCero" classname="ucu.edu.uy.MenuConsolaTest$ProductosEInventario" time="0.001"/>
  <testcase name="opcion4AumentaElStockEnUnaPosicion" classname="ucu.edu.uy.MenuConsolaTest$ProductosEInventario" time="0.002"/>
  <testcase name="opcion4NoGuardaEnUnaPosicionInhabilitada" classname="ucu.edu.uy.MenuConsolaTest$ProductosEInventario" time="0.001"/>
  <testcase name="opcion4NoDejaPasarseDeLaCapacidadDeLaPosicion" classname="ucu.edu.uy.MenuConsolaTest$ProductosEInventario" time="0.002"/>
  <testcase name="opcion2RechazaCantidadCero" classname="ucu.edu.uy.MenuConsolaTest$ProductosEInventario" time="0.002"/>
  <testcase name="opcion3RechazaUnaCantidadQueNoEsNumero" classname="ucu.edu.uy.MenuConsolaTest$ProductosEInventario" time="0.001"/>
  <testcase name="opcion3AvisaCuandoElProductoNoExiste" classname="ucu.edu.uy.MenuConsolaTest$ProductosEInventario" time="0.001"/>
  <testcase name="opcion4AvisaCuandoElProductoNoExiste" classname="ucu.edu.uy.MenuConsolaTest$ProductosEInventario" time="0.001"/>
  <testcase name="opcion5AvisaCuandoElProductoNoExiste" classname="ucu.edu.uy.MenuConsolaTest$ProductosEInventario" time="0.001"/>
  <testcase name="opcion6AvisaCuandoElProductoNoExiste" classname="ucu.edu.uy.MenuConsolaTest$ProductosEInventario" time="0.001"/>
  <testcase name="opcion7AvisaCuandoElProductoNoExiste" classname="ucu.edu.uy.MenuConsolaTest$ProductosEInventario" time="0.001"/>
  <testcase name="opcion8AvisaCuandoElProductoNoExiste" classname="ucu.edu.uy.MenuConsolaTest$ProductosEInventario" time="0.001"/>
  <testcase name="opcion10AvisaCuandoNingunProductoEstaBajoElMinimo" classname="ucu.edu.uy.MenuConsolaTest$ProductosEInventario" time="0.001"/>
  <testcase name="elSubmenuListaSusTreceOpciones" classname="ucu.edu.uy.MenuConsolaTest$ProductosEInventario" time="0.001"/>
  <testcase name="opcion1RechazaUnCodigoVacio" classname="ucu.edu.uy.MenuConsolaTest$ProductosEInventario" time="0.001"/>
</testsuite>